# JRE version: OpenJDK Runtime Environment (11.0.15) (build 11.0.15+0-b2043.56-9505619)
# Java VM: OpenJDK 64-Bit Server VM (11.0.15+0-b2043.56-9505619, mixed mode, tiered, compressed oops, g1 gc, windows-amd64)
Heap:
 garbage-first heap   total 245760K, used 173104K [0x0000000080000000, 0x0000000100000000)
  region size 1024K, 1 young (1024K), 1 survivors (1024K)
 Metaspace       used 90436K, capacity 92936K, committed 93136K, reserved 1130496K
  class space    used 11887K, capacity 12813K, committed 12928K, reserved 1048576K
GC Heap History (20 events):
Event: 31.180 GC heap after
{Heap after GC invocations=66 (full 0):
 garbage-first heap   total 204800K, used 170565K [0x0000000080000000, 0x0000000100000000)
  region size 1024K, 2 young (2048K), 2 survivors (2048K)
 Metaspace       used 87591K, capacity 89970K, committed 90064K, reserved 1126400K
  class space    used 11489K, capacity 12361K, committed 12416K, reserved 1048576K
}
Event: 31.271 GC heap before
{Heap before GC invocations=67 (full 0):
 garbage-first heap   total 204800K, used 179781K [0x0000000080000000, 0x0000000100000000)
  region size 1024K, 11 young (11264K), 2 survivors (2048K)
 Metaspace       used 87926K, capacity 90272K, committed 90448K, reserved 1128448K
  class space    used 11524K, capacity 12419K, committed 12544K, reserved 1048576K
}
Event: 31.276 GC heap after
{Heap after GC invocations=68 (full 0):
 garbage-first heap   total 204800K, used 170705K [0x0000000080000000, 0x0000000100000000)
  region size 1024K, 1 young (1024K), 1 survivors (1024K)
 Metaspace       used 87926K, capacity 90272K, committed 90448K, reserved 1128448K
  class space    used 11524K, capacity 12419K, committed 12544K, reserved 1048576K
}
Event: 31.350 GC heap before
{Heap before GC invocations=68 (full 0):
 garbage-first heap   total 204800K, used 179921K [0x0000000080000000, 0x0000000100000000)
  region size 1024K, 10 young (10240K), 1 survivors (1024K)
 Metaspace       used 88235K, capacity 90646K, committed 90704K, reserved 1128448K
  class space    used 11575K, capacity 12501K, committed 12544K, reserved 1048576K
}
Event: 31.353 GC heap after
{Heap after GC invocations=69 (full 0):
 garbage-first heap   total 204800K, used 171090K [0x0000000080000000, 0x0000000100000000)
  region size 1024K, 1 young (1024K), 1 survivors (1024K)
 Metaspace       used 88235K, capacity 90646K, committed 90704K, reserved 1128448K
  class space    used 11575K, capacity 12501K, committed 12544K, reserved 1048576K
}
Event: 31.423 GC heap before
{Heap before GC invocations=69 (full 0):
 garbage-first heap   total 204800K, used 180306K [0x0000000080000000, 0x0000000100000000)
  region size 1024K, 10 young (10240K), 1 survivors (1024K)
 Metaspace       used 88398K, capacity 90777K, committed 90960K, reserved 1128448K
  class space    used 11599K, capacity 12502K, committed 12544K, reserved 1048576K
}
Event: 31.426 GC heap after
{Heap after GC invocations=70 (full 0):
 garbage-first heap   total 204800K, used 171117K [0x0000000080000000, 0x0000000100000000)
  region size 1024K, 2 young (2048K), 2 survivors (2048K)
 Metaspace       used 88398K, capacity 90777K, committed 90960K, reserved 1128448K
  class space    used 11599K, capacity 12502K, committed 12544K, reserved 1048576K
}
Event: 31.478 GC heap before
{Heap before GC invocations=70 (full 0):
 garbage-first heap   total 204800K, used 179309K [0x0000000080000000, 0x0000000100000000)
  region size 1024K, 10 young (10240K), 2 survivors (2048K)
 Metaspace       used 88614K, capacity 91001K, committed 91216K, reserved 1128448K
  class space    used 11621K, capacity 12534K, committed 12544K, reserved 1048576K
}
Event: 31.481 GC heap after
{Heap after GC invocations=71 (full 0):
 garbage-first heap   total 204800K, used 171188K [0x0000000080000000, 0x0000000100000000)
  region size 1024K, 2 young (2048K), 2 survivors (2048K)
 Metaspace       used 88614K, capacity 91001K, committed 91216K, reserved 1128448K
  class space    used 11621K, capacity 12534K, committed 12544K, reserved 1048576K
}
Event: 31.558 GC heap before
{Heap before GC invocations=71 (full 0):
 garbage-first heap   total 204800K, used 180404K [0x0000000080000000, 0x0000000100000000)
  region size 1024K, 11 young (11264K), 2 survivors (2048K)
 Metaspace       used 88913K, capacity 91324K, committed 91600K, reserved 1128448K
  class space    used 11671K, capacity 12599K, committed 12672K, reserved 1048576K
}
Event: 31.562 GC heap after
{Heap after GC invocations=72 (full 0):
 garbage-first heap   total 204800K, used 171218K [0x0000000080000000, 0x0000000100000000)
  region size 1024K, 2 young (2048K), 2 survivors (2048K)
 Metaspace       used 88913K, capacity 91324K, committed 91600K, reserved 1128448K
  class space    used 11671K, capacity 12599K, committed 12672K, reserved 1048576K
}
Event: 31.641 GC heap before
{Heap before GC invocations=73 (full 0):
 garbage-first heap   total 204800K, used 179410K [0x0000000080000000, 0x0000000100000000)
  region size 1024K, 11 young (11264K), 2 survivors (2048K)
 Metaspace       used 89105K, capacity 91548K, committed 91600K, reserved 1128448K
  class space    used 11694K, capacity 12631K, committed 12672K, reserved 1048576K
}
Event: 31.646 GC heap after
{Heap after GC invocations=74 (full 0):
 garbage-first heap   total 204800K, used 171480K [0x0000000080000000, 0x0000000100000000)
  region size 1024K, 1 young (1024K), 1 survivors (1024K)
 Metaspace       used 89105K, capacity 91548K, committed 91600K, reserved 1128448K
  class space    used 11694K, capacity 12631K, committed 12672K, reserved 1048576K
}
Event: 31.776 GC heap before
{Heap before GC invocations=74 (full 0):
 garbage-first heap   total 204800K, used 179672K [0x0000000080000000, 0x0000000100000000)
  region size 1024K, 10 young (10240K), 1 survivors (1024K)
 Metaspace       used 89404K, capacity 91796K, committed 91856K, reserved 1128448K
  class space    used 11728K, capacity 12668K, committed 12672K, reserved 1048576K
}
Event: 31.781 GC heap after
{Heap after GC invocations=75 (full 0):
 garbage-first heap   total 204800K, used 171713K [0x0000000080000000, 0x0000000100000000)
  region size 1024K, 2 young (2048K), 2 survivors (2048K)
 Metaspace       used 89404K, capacity 91796K, committed 91856K, reserved 1128448K
  class space    used 11728K, capacity 12668K, committed 12672K, reserved 1048576K
}
Event: 31.903 GC heap before
{Heap before GC invocations=75 (full 0):
 garbage-first heap   total 204800K, used 180929K [0x0000000080000000, 0x0000000100000000)
  region size 1024K, 11 young (11264K), 2 survivors (2048K)
 Metaspace       used 89550K, capacity 91893K, committed 92240K, reserved 1128448K
  class space    used 11765K, capacity 12680K, committed 12800K, reserved 1048576K
}
Event: 31.909 GC heap after
{Heap after GC invocations=76 (full 0):
 garbage-first heap   total 204800K, used 172367K [0x0000000080000000, 0x0000000100000000)
  region size 1024K, 2 young (2048K), 2 survivors (2048K)
 Metaspace       used 89550K, capacity 91893K, committed 92240K, reserved 1128448K
  class space    used 11765K, capacity 12680K, committed 12800K, reserved 1048576K
}
Event: 32.126 GC heap before
{Heap before GC invocations=77 (full 0):
 garbage-first heap   total 204800K, used 180559K [0x0000000080000000, 0x0000000100000000)
  region size 1024K, 10 young (10240K), 2 survivors (2048K)
 Metaspace       used 89981K, capacity 92472K, committed 92752K, reserved 1130496K
  class space    used 11822K, capacity 12744K, committed 12800K, reserved 1048576K
}
Event: 32.130 GC heap after
{Heap after GC invocations=78 (full 0):
 garbage-first heap   total 204800K, used 172847K [0x0000000080000000, 0x0000000100000000)
  region size 1024K, 2 young (2048K), 2 survivors (2048K)
 Metaspace       used 89981K, capacity 92472K, committed 92752K, reserved 1130496K
  class space    used 11822K, capacity 12744K, committed 12800K, reserved 1048576K
}
Event: 32.297 GC heap before
{Heap before GC invocations=78 (full 0):
 garbage-first heap   total 204800K, used 181039K [0x0000000080000000, 0x0000000100000000)
  region size 1024K, 10 young (10240K), 2 survivors (2048K)
 Metaspace       used 90436K, capacity 92936K, committed 93136K, reserved 1130496K
  class space    used 11887K, capacity 12813K, committed 12928K, reserved 1048576K
}

